25 Mar, 2014 11:55:06 AM google_translate_selenium.main_entry_translate google_translate
INFO: Error :file not processed /home/kiran/Documents/tech/translate/putin_20140324_10051.txt
25 Mar, 2014 11:55:06 AM google_translate_selenium.main_entry_translate google_translate
INFO: Error : Error communicating with the remote browser. It may have died.
Build info: version: '2.39.0', revision: 'ff23eac', time: '2013-12-16 16:11:15'
System info: host: 'NSBLR-130', ip: '127.0.1.1', os.name: 'Linux', os.arch: 'amd64', os.version: '3.5.0-22-generic', java.version: '1.6.0_27'
Driver info: driver.version: RemoteWebDriver
Mar 25, 2014 1:34:18 PM google_translate_selenium.main_entry_translate file_lister
INFO: Error : not a vailed input directory
25 Mar, 2014 3:51:17 PM google_translate_selenium.google_translate google_translate
INFO: Error :file not processed /home/kiran/Documents/input/obit_output/mas_40.txt
25 Mar, 2014 3:51:17 PM google_translate_selenium.google_translate google_translate
INFO: Error : Error communicating with the remote browser. It may have died.
Build info: version: '2.39.0', revision: 'ff23eac', time: '2013-12-16 16:11:15'
System info: host: 'NSBLR-130', ip: '127.0.1.1', os.name: 'Linux', os.arch: 'amd64', os.version: '3.5.0-22-generic', java.version: '1.6.0_27'
Driver info: driver.version: RemoteWebDriver
25 Mar, 2014 3:55:36 PM google_translate_selenium.google_translate google_translate
INFO: Error :file not processed /home/kiran/Documents/input/obit_output/mas_2.txt
25 Mar, 2014 3:55:36 PM google_translate_selenium.google_translate google_translate
INFO: Error : Error communicating with the remote browser. It may have died.
Build info: version: '2.39.0', revision: 'ff23eac', time: '2013-12-16 16:11:15'
System info: host: 'NSBLR-130', ip: '127.0.1.1', os.name: 'Linux', os.arch: 'amd64', os.version: '3.5.0-22-generic', java.version: '1.6.0_27'
Driver info: driver.version: RemoteWebDriver
25 Mar, 2014 4:13:53 PM google_translate_selenium.google_translate google_translate
INFO: content translated  failed for ja /home/kiran/Documents/input/obit_output/mas_2.txt
25 Mar, 2014 4:16:07 PM google_translate_selenium.google_translate google_translate
INFO: content translated  failed for ja /home/kiran/Documents/input/obit_output/mas_2.txt
25 Mar, 2014 4:19:31 PM google_translate_selenium.google_translate google_translate
INFO: content translated  failed for ja /home/kiran/Documents/input/obit_output/mas_2.txt
25 Mar, 2014 4:20:41 PM google_translate_selenium.google_translate google_translate
INFO: content translated  failed for ja /home/kiran/Documents/input/obit_output/mas_2.txt
25 Mar, 2014 4:26:00 PM google_translate_selenium.google_translate google_translate
INFO: content translated  failed for ja /home/kiran/Documents/input/obit_output/mas_2.txt
25 Mar, 2014 4:29:48 PM google_translate_selenium.google_translate google_translate
INFO: content translated  failed for ja /home/kiran/Documents/input/obit_output/mas_2.txt
25 Mar, 2014 4:32:08 PM google_translate_selenium.google_translate google_translate
INFO: content translated  failed for ja /home/kiran/Documents/input/obit_output/mas_2.txt
25 Mar, 2014 4:34:23 PM google_translate_selenium.google_translate google_translate
INFO: content translated  failed for ja /home/kiran/Documents/input/obit_output/mas_2.txt
